<?xml version="1.0" encoding="utf-8"?><testsuites name="pytest tests"><testsuite name="pytest" errors="0" failures="1" skipped="0" tests="29" time="12.178" timestamp="2026-03-13T14:08:35.711357+00:00" hostname="agent-env-da72d5bd-f8cb-45ad-809e-587e9f2bf932"><testcase classname="backend.tests.test_admin.TestAdmin" name="test_admin_dashboard" time="0.538" /><testcase classname="backend.tests.test_admin.TestAdmin" name="test_admin_segnalazioni" time="0.385" /><testcase classname="backend.tests.test_admin.TestAdmin" name="test_admin_utenti" time="0.453" /><testcase classname="backend.tests.test_admin.TestAdmin" name="test_admin_access_denied_for_condomino" time="0.466" /><testcase classname="backend.tests.test_appuntamenti.TestAppuntamenti" name="test_create_appuntamento" time="0.430" /><testcase classname="backend.tests.test_auth_and_basic.TestSeedAndAuth" name="test_seed_data_creation" time="0.109"><failure message="AssertionError: assert ('admin' in {'admin_email': 'admin@tardugno.it', 'admin_password': 'admin123', 'message': 'Dati già inseriti'} or 'admin_email' in 'Dati già inseriti')&#10; +  where 'Dati già inseriti' = &lt;built-in method get of dict object at 0xf9286fc1b840&gt;('message', '')&#10; +    where &lt;built-in method get of dict object at 0xf9286fc1b840&gt; = {'admin_email': 'admin@tardugno.it', 'admin_password': 'admin123', 'message': 'Dati già inseriti'}.get">backend/tests/test_auth_and_basic.py:13: in test_seed_data_creation
    assert "admin" in data or "admin_email" in data.get("message", "")
E   AssertionError: assert ('admin' in {'admin_email': 'admin@tardugno.it', 'admin_password': 'admin123', 'message': 'Dati già inseriti'} or 'admin_email' in 'Dati già inseriti')
E    +  where 'Dati già inseriti' = &lt;built-in method get of dict object at 0xf9286fc1b840&gt;('message', '')
E    +    where &lt;built-in method get of dict object at 0xf9286fc1b840&gt; = {'admin_email': 'admin@tardugno.it', 'admin_password': 'admin123', 'message': 'Dati già inseriti'}.get</failure></testcase><testcase classname="backend.tests.test_auth_and_basic.TestSeedAndAuth" name="test_login_condomino_success" time="0.344" /><testcase classname="backend.tests.test_auth_and_basic.TestSeedAndAuth" name="test_login_admin_success" time="0.340" /><testcase classname="backend.tests.test_auth_and_basic.TestSeedAndAuth" name="test_login_invalid_credentials" time="0.124" /><testcase classname="backend.tests.test_auth_and_basic.TestSeedAndAuth" name="test_get_profile_with_token" time="0.395" /><testcase classname="backend.tests.test_auth_and_basic.TestSeedAndAuth" name="test_get_profile_without_token" time="0.119" /><testcase classname="backend.tests.test_avvisi.TestAvvisi" name="test_get_avvisi" time="0.413" /><testcase classname="backend.tests.test_avvisi.TestAvvisi" name="test_mark_avviso_letto" time="0.497" /><testcase classname="backend.tests.test_condomini.TestCondomini" name="test_get_condomini_as_condomino" time="0.404" /><testcase classname="backend.tests.test_condomini.TestCondomini" name="test_get_condomini_as_admin" time="0.409" /><testcase classname="backend.tests.test_new_features.TestFreeRegistration" name="test_register_without_invite_code" time="0.362" /><testcase classname="backend.tests.test_new_features.TestFreeRegistration" name="test_register_minimal_fields" time="0.335" /><testcase classname="backend.tests.test_new_features.TestFreeRegistration" name="test_register_duplicate_email" time="0.130" /><testcase classname="backend.tests.test_new_features.TestAdminCondominiumCRUD" name="test_create_condominium" time="0.494" /><testcase classname="backend.tests.test_new_features.TestAdminCondominiumCRUD" name="test_delete_condominium" time="0.561" /><testcase classname="backend.tests.test_new_features.TestAdminCondominiumCRUD" name="test_condomino_cannot_create_condominium" time="0.387" /><testcase classname="backend.tests.test_new_features.TestUserAssociation" name="test_get_admin_utenti_with_associations" time="0.393" /><testcase classname="backend.tests.test_new_features.TestUserAssociation" name="test_associate_user_to_condominium" time="0.794" /><testcase classname="backend.tests.test_new_features.TestUserAssociation" name="test_disassociate_user" time="0.814" /><testcase classname="backend.tests.test_new_features.TestUserAssociation" name="test_duplicate_association_rejected" time="0.477" /><testcase classname="backend.tests.test_new_features.TestUserAssociation" name="test_condomino_cannot_associate_users" time="0.419" /><testcase classname="backend.tests.test_richieste_documenti.TestRichiesteDocumenti" name="test_create_richiesta_documento" time="0.535" /><testcase classname="backend.tests.test_segnalazioni.TestSegnalazioni" name="test_create_segnalazione" time="0.568" /><testcase classname="backend.tests.test_segnalazioni.TestSegnalazioni" name="test_get_segnalazioni_list" time="0.412" /></testsuite></testsuites>