<?xml version="1.0" encoding="utf-8"?><testsuites name="pytest tests"><testsuite name="pytest" errors="0" failures="0" skipped="0" tests="11" time="5.731" timestamp="2026-03-13T14:08:23.441846+00:00" hostname="agent-env-da72d5bd-f8cb-45ad-809e-587e9f2bf932"><testcase classname="backend.tests.test_new_features.TestFreeRegistration" name="test_register_without_invite_code" time="0.533" /><testcase classname="backend.tests.test_new_features.TestFreeRegistration" name="test_register_minimal_fields" time="0.380" /><testcase classname="backend.tests.test_new_features.TestFreeRegistration" name="test_register_duplicate_email" time="0.120" /><testcase classname="backend.tests.test_new_features.TestAdminCondominiumCRUD" name="test_create_condominium" time="0.586" /><testcase classname="backend.tests.test_new_features.TestAdminCondominiumCRUD" name="test_delete_condominium" time="0.607" /><testcase classname="backend.tests.test_new_features.TestAdminCondominiumCRUD" name="test_condomino_cannot_create_condominium" time="0.453" /><testcase classname="backend.tests.test_new_features.TestUserAssociation" name="test_get_admin_utenti_with_associations" time="0.446" /><testcase classname="backend.tests.test_new_features.TestUserAssociation" name="test_associate_user_to_condominium" time="0.825" /><testcase classname="backend.tests.test_new_features.TestUserAssociation" name="test_disassociate_user" time="0.845" /><testcase classname="backend.tests.test_new_features.TestUserAssociation" name="test_duplicate_association_rejected" time="0.440" /><testcase classname="backend.tests.test_new_features.TestUserAssociation" name="test_condomino_cannot_associate_users" time="0.443" /></testsuite></testsuites>