<?xml version="1.0" encoding="utf-8"?><testsuites name="pytest tests"><testsuite name="pytest" errors="0" failures="0" skipped="5" tests="18" time="6.221" timestamp="2026-03-13T12:10:41.212336+00:00" hostname="agent-env-da72d5bd-f8cb-45ad-809e-587e9f2bf932"><testcase classname="tests.test_admin.TestAdmin" name="test_admin_dashboard" time="0.273"><skipped type="pytest.skip" message="Cannot login as admin">/app/backend/tests/test_admin.py:6: Cannot login as admin</skipped></testcase><testcase classname="tests.test_admin.TestAdmin" name="test_admin_segnalazioni" time="0.359"><skipped type="pytest.skip" message="Cannot login as admin">/app/backend/tests/test_admin.py:26: Cannot login as admin</skipped></testcase><testcase classname="tests.test_admin.TestAdmin" name="test_admin_utenti" time="0.181"><skipped type="pytest.skip" message="Cannot login as admin">/app/backend/tests/test_admin.py:37: Cannot login as admin</skipped></testcase><testcase classname="tests.test_admin.TestAdmin" name="test_admin_access_denied_for_condomino" time="0.118"><skipped type="pytest.skip" message="Cannot login as condomino">/app/backend/tests/test_admin.py:49: Cannot login as condomino</skipped></testcase><testcase classname="tests.test_appuntamenti.TestAppuntamenti" name="test_create_appuntamento" time="0.150"><skipped type="pytest.skip" message="Cannot login as condomino">/app/backend/tests/test_appuntamenti.py:7: Cannot login as condomino</skipped></testcase><testcase classname="tests.test_auth_and_basic.TestSeedAndAuth" name="test_seed_data_creation" time="0.674" /><testcase classname="tests.test_auth_and_basic.TestSeedAndAuth" name="test_login_condomino_success" time="0.348" /><testcase classname="tests.test_auth_and_basic.TestSeedAndAuth" name="test_login_admin_success" time="0.356" /><testcase classname="tests.test_auth_and_basic.TestSeedAndAuth" name="test_login_invalid_credentials" time="0.099" /><testcase classname="tests.test_auth_and_basic.TestSeedAndAuth" name="test_get_profile_with_token" time="0.395" /><testcase classname="tests.test_auth_and_basic.TestSeedAndAuth" name="test_get_profile_without_token" time="0.124" /><testcase classname="tests.test_avvisi.TestAvvisi" name="test_get_avvisi" time="0.420" /><testcase classname="tests.test_avvisi.TestAvvisi" name="test_mark_avviso_letto" time="0.443" /><testcase classname="tests.test_condomini.TestCondomini" name="test_get_condomini_as_condomino" time="0.409" /><testcase classname="tests.test_condomini.TestCondomini" name="test_get_condomini_as_admin" time="0.396" /><testcase classname="tests.test_richieste_documenti.TestRichiesteDocumenti" name="test_create_richiesta_documento" time="0.480" /><testcase classname="tests.test_segnalazioni.TestSegnalazioni" name="test_create_segnalazione" time="0.550" /><testcase classname="tests.test_segnalazioni.TestSegnalazioni" name="test_get_segnalazioni_list" time="0.384" /></testsuite></testsuites>